Analysis & Synthesis report for acqu_pos_top
Thu Dec 12 17:45:57 2019
Quartus Prime Version 17.0.0 Build 595 04/25/2017 SJ Standard Edition


---------------------
; Table of Contents ;
---------------------
  1. Legal Notice
  2. Analysis & Synthesis Summary
  3. Analysis & Synthesis Settings
  4. Parallel Compilation
  5. Analysis & Synthesis Source Files Read
  6. Analysis & Synthesis Resource Usage Summary
  7. Analysis & Synthesis Resource Utilization by Entity
  8. General Register Statistics
  9. Multiplexer Restructuring Statistics (Restructuring Performed)
 10. Port Connectivity Checks: "acqu_pos_top:U1"
 11. Analysis & Synthesis Messages



----------------
; Legal Notice ;
----------------
Copyright (C) 2017  Intel Corporation. All rights reserved.
Your use of Intel Corporation's design tools, logic functions 
and other software and tools, and its AMPP partner logic 
functions, and any output files from any of the foregoing 
(including device programming or simulation files), and any 
associated documentation or information are expressly subject 
to the terms and conditions of the Intel Program License 
Subscription Agreement, the Intel Quartus Prime License Agreement,
the Intel MegaCore Function License Agreement, or other 
applicable license agreement, including, without limitation, 
that your use is for the sole purpose of programming logic 
devices manufactured by Intel and sold by Intel or its 
authorized distributors.  Please refer to the applicable 
agreement for further details.



+-------------------------------------------------------------------------------+
; Analysis & Synthesis Summary                                                  ;
+-----------------------------+-------------------------------------------------+
; Analysis & Synthesis Status ; Successful - Thu Dec 12 17:45:57 2019           ;
; Quartus Prime Version       ; 17.0.0 Build 595 04/25/2017 SJ Standard Edition ;
; Revision Name               ; acqu_pos_top                                    ;
; Top-level Entity Name       ; maxv_top                                        ;
; Family                      ; MAX V                                           ;
; Total logic elements        ; 115                                             ;
; Total pins                  ; 159                                             ;
; Total virtual pins          ; 0                                               ;
; UFM blocks                  ; 0 / 1 ( 0 % )                                   ;
+-----------------------------+-------------------------------------------------+


+----------------------------------------------------------------------------------------------------------------------+
; Analysis & Synthesis Settings                                                                                        ;
+----------------------------------------------------------------------------+--------------------+--------------------+
; Option                                                                     ; Setting            ; Default Value      ;
+----------------------------------------------------------------------------+--------------------+--------------------+
; Device                                                                     ; 5M570ZF256C5       ;                    ;
; Top-level entity name                                                      ; maxv_top           ; acqu_pos_top       ;
; Family name                                                                ; MAX V              ; Cyclone V          ;
; Use smart compilation                                                      ; Off                ; Off                ;
; Enable parallel Assembler and TimeQuest Timing Analyzer during compilation ; On                 ; On                 ;
; Enable compact report table                                                ; Off                ; Off                ;
; Restructure Multiplexers                                                   ; Auto               ; Auto               ;
; Create Debugging Nodes for IP Cores                                        ; Off                ; Off                ;
; Preserve fewer node names                                                  ; On                 ; On                 ;
; OpenCore Plus hardware evaluation                                          ; Enable             ; Enable             ;
; Verilog Version                                                            ; Verilog_2001       ; Verilog_2001       ;
; VHDL Version                                                               ; VHDL_1993          ; VHDL_1993          ;
; State Machine Processing                                                   ; Auto               ; Auto               ;
; Safe State Machine                                                         ; Off                ; Off                ;
; Extract Verilog State Machines                                             ; On                 ; On                 ;
; Extract VHDL State Machines                                                ; On                 ; On                 ;
; Ignore Verilog initial constructs                                          ; Off                ; Off                ;
; Iteration limit for constant Verilog loops                                 ; 5000               ; 5000               ;
; Iteration limit for non-constant Verilog loops                             ; 250                ; 250                ;
; Add Pass-Through Logic to Inferred RAMs                                    ; On                 ; On                 ;
; Infer RAMs from Raw Logic                                                  ; On                 ; On                 ;
; Parallel Synthesis                                                         ; On                 ; On                 ;
; NOT Gate Push-Back                                                         ; On                 ; On                 ;
; Power-Up Don't Care                                                        ; On                 ; On                 ;
; Remove Redundant Logic Cells                                               ; Off                ; Off                ;
; Remove Duplicate Registers                                                 ; On                 ; On                 ;
; Ignore CARRY Buffers                                                       ; Off                ; Off                ;
; Ignore CASCADE Buffers                                                     ; Off                ; Off                ;
; Ignore GLOBAL Buffers                                                      ; Off                ; Off                ;
; Ignore ROW GLOBAL Buffers                                                  ; Off                ; Off                ;
; Ignore LCELL Buffers                                                       ; Off                ; Off                ;
; Ignore SOFT Buffers                                                        ; On                 ; On                 ;
; Limit AHDL Integers to 32 Bits                                             ; Off                ; Off                ;
; Optimization Technique                                                     ; Balanced           ; Balanced           ;
; Carry Chain Length                                                         ; 70                 ; 70                 ;
; Auto Carry Chains                                                          ; On                 ; On                 ;
; Auto Open-Drain Pins                                                       ; On                 ; On                 ;
; Perform WYSIWYG Primitive Resynthesis                                      ; Off                ; Off                ;
; Auto Shift Register Replacement                                            ; Auto               ; Auto               ;
; Allow Shift Register Merging across Hierarchies                            ; Auto               ; Auto               ;
; Auto Clock Enable Replacement                                              ; On                 ; On                 ;
; Allow Synchronous Control Signals                                          ; On                 ; On                 ;
; Force Use of Synchronous Clear Signals                                     ; Off                ; Off                ;
; Auto Resource Sharing                                                      ; Off                ; Off                ;
; Use LogicLock Constraints during Resource Balancing                        ; On                 ; On                 ;
; Ignore translate_off and synthesis_off directives                          ; Off                ; Off                ;
; Report Parameter Settings                                                  ; On                 ; On                 ;
; Report Source Assignments                                                  ; On                 ; On                 ;
; Report Connectivity Checks                                                 ; On                 ; On                 ;
; Ignore Maximum Fan-Out Assignments                                         ; Off                ; Off                ;
; Synchronization Register Chain Length                                      ; 2                  ; 2                  ;
; PowerPlay Power Optimization During Synthesis                              ; Normal compilation ; Normal compilation ;
; HDL message level                                                          ; Level2             ; Level2             ;
; Suppress Register Optimization Related Messages                            ; Off                ; Off                ;
; Number of Removed Registers Reported in Synthesis Report                   ; 5000               ; 5000               ;
; Number of Swept Nodes Reported in Synthesis Report                         ; 5000               ; 5000               ;
; Number of Inverted Registers Reported in Synthesis Report                  ; 100                ; 100                ;
; Clock MUX Protection                                                       ; On                 ; On                 ;
; Block Design Naming                                                        ; Auto               ; Auto               ;
; Synthesis Effort                                                           ; Auto               ; Auto               ;
; Shift Register Replacement - Allow Asynchronous Clear Signal               ; On                 ; On                 ;
; Analysis & Synthesis Message Level                                         ; Medium             ; Medium             ;
; Disable Register Merging Across Hierarchies                                ; Auto               ; Auto               ;
+----------------------------------------------------------------------------+--------------------+--------------------+


+------------------------------------------+
; Parallel Compilation                     ;
+----------------------------+-------------+
; Processors                 ; Number      ;
+----------------------------+-------------+
; Number detected on machine ; 8           ;
; Maximum allowed            ; 4           ;
;                            ;             ;
; Average used               ; 1.00        ;
; Maximum used               ; 1           ;
;                            ;             ;
; Usage by Processor         ; % Time Used ;
;     Processor 1            ; 100.0%      ;
+----------------------------+-------------+


+--------------------------------------------------------------------------------------------------------------------------------------------------------------------+
; Analysis & Synthesis Source Files Read                                                                                                                             ;
+----------------------------------+-----------------+-----------------+-----------------------------------------------------------------------------------+---------+
; File Name with User-Entered Path ; Used in Netlist ; File Type       ; File Name with Absolute Path                                                      ; Library ;
+----------------------------------+-----------------+-----------------+-----------------------------------------------------------------------------------+---------+
; ../src_cpld/maxv_top.vhd         ; yes             ; User VHDL File  ; /cours_REDS/CSN/SpinelliIsaia/Labo_7_acqui_pos/acqu_pos/src_cpld/maxv_top.vhd     ;         ;
; ../src/MSS.vhd                   ; yes             ; User VHDL File  ; /cours_REDS/CSN/SpinelliIsaia/Labo_7_acqui_pos/acqu_pos/src/MSS.vhd               ;         ;
; ../src/flipflop_rs.vhd           ; yes             ; User VHDL File  ; /cours_REDS/CSN/SpinelliIsaia/Labo_7_acqui_pos/acqu_pos/src/flipflop_rs.vhd       ;         ;
; ../src/compteur_position.vhd     ; yes             ; User VHDL File  ; /cours_REDS/CSN/SpinelliIsaia/Labo_7_acqui_pos/acqu_pos/src/compteur_position.vhd ;         ;
; ../src/acqu_pos_top.vhd          ; yes             ; User VHDL File  ; /cours_REDS/CSN/SpinelliIsaia/Labo_7_acqui_pos/acqu_pos/src/acqu_pos_top.vhd      ;         ;
+----------------------------------+-----------------+-----------------+-----------------------------------------------------------------------------------+---------+


+----------------------------------------------------------+
; Analysis & Synthesis Resource Usage Summary              ;
+---------------------------------------------+------------+
; Resource                                    ; Usage      ;
+---------------------------------------------+------------+
; Total logic elements                        ; 115        ;
;     -- Combinational with no register       ; 71         ;
;     -- Register only                        ; 2          ;
;     -- Combinational with a register        ; 42         ;
;                                             ;            ;
; Logic element usage by number of LUT inputs ;            ;
;     -- 4 input functions                    ; 35         ;
;     -- 3 input functions                    ; 22         ;
;     -- 2 input functions                    ; 53         ;
;     -- 1 input functions                    ; 3          ;
;     -- 0 input functions                    ; 0          ;
;                                             ;            ;
; Logic elements by mode                      ;            ;
;     -- normal mode                          ; 67         ;
;     -- arithmetic mode                      ; 48         ;
;     -- qfbk mode                            ; 0          ;
;     -- register cascade mode                ; 0          ;
;     -- synchronous clear/load mode          ; 17         ;
;     -- asynchronous clear/load mode         ; 44         ;
;                                             ;            ;
; Total registers                             ; 44         ;
; Total logic cells in carry chains           ; 51         ;
; I/O pins                                    ; 159        ;
; Maximum fan-out node                        ; Clk_Main_i ;
; Maximum fan-out                             ; 44         ;
; Total fan-out                               ; 463        ;
; Average fan-out                             ; 1.69       ;
+---------------------------------------------+------------+


+-------------------------------------------------------------------------------------------------------------------------------------------------------------------------------------------------------------------------------------------------------------------------------------------+
; Analysis & Synthesis Resource Utilization by Entity                                                                                                                                                                                                                                       ;
+----------------------------------------+-------------+--------------+------------+------+--------------+--------------+-------------------+------------------+-----------------+------------+----------------------------------------------------------+-------------------+--------------+
; Compilation Hierarchy Node             ; Logic Cells ; LC Registers ; UFM Blocks ; Pins ; Virtual Pins ; LUT-Only LCs ; Register-Only LCs ; LUT/Register LCs ; Carry Chain LCs ; Packed LCs ; Full Hierarchy Name                                      ; Entity Name       ; Library Name ;
+----------------------------------------+-------------+--------------+------------+------+--------------+--------------+-------------------+------------------+-----------------+------------+----------------------------------------------------------+-------------------+--------------+
; |maxv_top                              ; 115 (20)    ; 44           ; 0          ; 159  ; 0            ; 71 (0)       ; 2 (0)             ; 42 (20)          ; 51 (19)         ; 0 (0)      ; |maxv_top                                                ; maxv_top          ; work         ;
;    |acqu_pos_top:U1|                   ; 95 (2)      ; 24           ; 0          ; 0    ; 0            ; 71 (0)       ; 2 (2)             ; 22 (0)           ; 32 (0)          ; 0 (0)      ; |maxv_top|acqu_pos_top:U1                                ; acqu_pos_top      ; work         ;
;       |compteur_position:COMPTEUR_POS| ; 49 (49)     ; 16           ; 0          ; 0    ; 0            ; 33 (33)      ; 0 (0)             ; 16 (16)          ; 32 (32)         ; 0 (0)      ; |maxv_top|acqu_pos_top:U1|compteur_position:COMPTEUR_POS ; compteur_position ; work         ;
;       |flipflop_rs:FLIPFLOP_RS_ERR|    ; 2 (2)       ; 1            ; 0          ; 0    ; 0            ; 1 (1)        ; 0 (0)             ; 1 (1)            ; 0 (0)           ; 0 (0)      ; |maxv_top|acqu_pos_top:U1|flipflop_rs:FLIPFLOP_RS_ERR    ; flipflop_rs       ; work         ;
;       |mss:MSS1|                       ; 42 (42)     ; 5            ; 0          ; 0    ; 0            ; 37 (37)      ; 0 (0)             ; 5 (5)            ; 0 (0)           ; 0 (0)      ; |maxv_top|acqu_pos_top:U1|mss:MSS1                       ; mss               ; work         ;
+----------------------------------------+-------------+--------------+------------+------+--------------+--------------+-------------------+------------------+-----------------+------------+----------------------------------------------------------+-------------------+--------------+
Note: For table entries with two numbers listed, the numbers in parentheses indicate the number of resources of the given type used by the specific entity alone. The numbers listed outside of parentheses indicate the total resources of the given type used by the specific entity and all of its sub-entities in the hierarchy.


+------------------------------------------------------+
; General Register Statistics                          ;
+----------------------------------------------+-------+
; Statistic                                    ; Value ;
+----------------------------------------------+-------+
; Total registers                              ; 44    ;
; Number of registers using Synchronous Clear  ; 16    ;
; Number of registers using Synchronous Load   ; 1     ;
; Number of registers using Asynchronous Clear ; 44    ;
; Number of registers using Asynchronous Load  ; 0     ;
; Number of registers using Clock Enable       ; 16    ;
; Number of registers using Preset             ; 0     ;
+----------------------------------------------+-------+


+--------------------------------------------------------------------------------------------------------------------------------------------------------------------------------------+
; Multiplexer Restructuring Statistics (Restructuring Performed)                                                                                                                       ;
+--------------------+-----------+---------------+----------------------+------------------------+------------+------------------------------------------------------------------------+
; Multiplexer Inputs ; Bus Width ; Baseline Area ; Area if Restructured ; Saving if Restructured ; Registered ; Example Multiplexer Output                                             ;
+--------------------+-----------+---------------+----------------------+------------------------+------------+------------------------------------------------------------------------+
; 4:1                ; 16 bits   ; 32 LEs        ; 32 LEs               ; 0 LEs                  ; Yes        ; |maxv_top|acqu_pos_top:U1|compteur_position:COMPTEUR_POS|position_s[0] ;
+--------------------+-----------+---------------+----------------------+------------------------+------------+------------------------------------------------------------------------+


+---------------------------------------------------------------------------------------------------------------------+
; Port Connectivity Checks: "acqu_pos_top:U1"                                                                         ;
+-----------+--------+----------+-------------------------------------------------------------------------------------+
; Port      ; Type   ; Severity ; Details                                                                             ;
+-----------+--------+----------+-------------------------------------------------------------------------------------+
; nbr_err_o ; Output ; Info     ; Connected to dangling logic. Logic that only feeds a dangling port will be removed. ;
+-----------+--------+----------+-------------------------------------------------------------------------------------+


+-------------------------------+
; Analysis & Synthesis Messages ;
+-------------------------------+
Info: *******************************************************************
Info: Running Quartus Prime Analysis & Synthesis
    Info: Version 17.0.0 Build 595 04/25/2017 SJ Standard Edition
    Info: Processing started: Thu Dec 12 17:45:49 2019
Info: Command: quartus_map --read_settings_files=on --write_settings_files=off acqu_pos_top -c acqu_pos_top
Warning (18236): Number of processors has not been specified which may cause overloading on shared machines.  Set the global assignment NUM_PARALLEL_PROCESSORS in your QSF to an appropriate value for best performance.
Info (20030): Parallel compilation is enabled and will use 4 of the 4 processors detected
Info (12021): Found 2 design units, including 1 entities, in source file /cours_REDS/CSN/SpinelliIsaia/Labo_7_acqui_pos/acqu_pos/src_cpld/maxv_top.vhd
    Info (12022): Found design unit 1: maxv_top-struct File: /cours_REDS/CSN/SpinelliIsaia/Labo_7_acqui_pos/acqu_pos/src_cpld/maxv_top.vhd Line: 63
    Info (12023): Found entity 1: maxv_top File: /cours_REDS/CSN/SpinelliIsaia/Labo_7_acqui_pos/acqu_pos/src_cpld/maxv_top.vhd Line: 40
Info (12021): Found 2 design units, including 1 entities, in source file /cours_REDS/CSN/SpinelliIsaia/Labo_7_acqui_pos/acqu_pos/src/MSS.vhd
    Info (12022): Found design unit 1: mss-struct File: /cours_REDS/CSN/SpinelliIsaia/Labo_7_acqui_pos/acqu_pos/src/MSS.vhd Line: 30
    Info (12023): Found entity 1: mss File: /cours_REDS/CSN/SpinelliIsaia/Labo_7_acqui_pos/acqu_pos/src/MSS.vhd Line: 19
Info (12021): Found 2 design units, including 1 entities, in source file /cours_REDS/CSN/SpinelliIsaia/Labo_7_acqui_pos/acqu_pos/src/flipflop_rs.vhd
    Info (12022): Found design unit 1: flipflop_rs-comport File: /cours_REDS/CSN/SpinelliIsaia/Labo_7_acqui_pos/acqu_pos/src/flipflop_rs.vhd Line: 38
    Info (12023): Found entity 1: flipflop_rs File: /cours_REDS/CSN/SpinelliIsaia/Labo_7_acqui_pos/acqu_pos/src/flipflop_rs.vhd Line: 28
Info (12021): Found 2 design units, including 1 entities, in source file /cours_REDS/CSN/SpinelliIsaia/Labo_7_acqui_pos/acqu_pos/src/compteur_position.vhd
    Info (12022): Found design unit 1: compteur_position-struct File: /cours_REDS/CSN/SpinelliIsaia/Labo_7_acqui_pos/acqu_pos/src/compteur_position.vhd Line: 28
    Info (12023): Found entity 1: compteur_position File: /cours_REDS/CSN/SpinelliIsaia/Labo_7_acqui_pos/acqu_pos/src/compteur_position.vhd Line: 18
Info (12021): Found 2 design units, including 1 entities, in source file /cours_REDS/CSN/SpinelliIsaia/Labo_7_acqui_pos/acqu_pos/src/acqu_pos_top.vhd
    Info (12022): Found design unit 1: acqu_pos_top-struct File: /cours_REDS/CSN/SpinelliIsaia/Labo_7_acqui_pos/acqu_pos/src/acqu_pos_top.vhd Line: 48
    Info (12023): Found entity 1: acqu_pos_top File: /cours_REDS/CSN/SpinelliIsaia/Labo_7_acqui_pos/acqu_pos/src/acqu_pos_top.vhd Line: 33
Info (12127): Elaborating entity "maxv_top" for the top level hierarchy
Warning (10036): Verilog HDL or VHDL warning at maxv_top.vhd(69): object "Con_25p_DI_s" assigned a value but never read File: /cours_REDS/CSN/SpinelliIsaia/Labo_7_acqui_pos/acqu_pos/src_cpld/maxv_top.vhd Line: 69
Warning (10036): Verilog HDL or VHDL warning at maxv_top.vhd(75): object "Mezzanine_DI_s" assigned a value but never read File: /cours_REDS/CSN/SpinelliIsaia/Labo_7_acqui_pos/acqu_pos/src_cpld/maxv_top.vhd Line: 75
Warning (10541): VHDL Signal Declaration warning at maxv_top.vhd(82): used implicit default value for signal "dc_pwm_en_s" because signal was never assigned a value or an explicit default value. Use of implicit default value may introduce unintended design optimizations. File: /cours_REDS/CSN/SpinelliIsaia/Labo_7_acqui_pos/acqu_pos/src_cpld/maxv_top.vhd Line: 82
Warning (10541): VHDL Signal Declaration warning at maxv_top.vhd(83): used implicit default value for signal "dc_pwm_out_s" because signal was never assigned a value or an explicit default value. Use of implicit default value may introduce unintended design optimizations. File: /cours_REDS/CSN/SpinelliIsaia/Labo_7_acqui_pos/acqu_pos/src_cpld/maxv_top.vhd Line: 83
Warning (10541): VHDL Signal Declaration warning at maxv_top.vhd(84): used implicit default value for signal "dc_mode_s" because signal was never assigned a value or an explicit default value. Use of implicit default value may introduce unintended design optimizations. File: /cours_REDS/CSN/SpinelliIsaia/Labo_7_acqui_pos/acqu_pos/src_cpld/maxv_top.vhd Line: 84
Warning (10541): VHDL Signal Declaration warning at maxv_top.vhd(91): used implicit default value for signal "display_val_s" because signal was never assigned a value or an explicit default value. Use of implicit default value may introduce unintended design optimizations. File: /cours_REDS/CSN/SpinelliIsaia/Labo_7_acqui_pos/acqu_pos/src_cpld/maxv_top.vhd Line: 91
Warning (10541): VHDL Signal Declaration warning at maxv_top.vhd(92): used implicit default value for signal "level_pwm_s" because signal was never assigned a value or an explicit default value. Use of implicit default value may introduce unintended design optimizations. File: /cours_REDS/CSN/SpinelliIsaia/Labo_7_acqui_pos/acqu_pos/src_cpld/maxv_top.vhd Line: 92
Warning (10873): Using initial value X (don't care) for net "Con_80p_DO_s[78..76]" at maxv_top.vhd(73) File: /cours_REDS/CSN/SpinelliIsaia/Labo_7_acqui_pos/acqu_pos/src_cpld/maxv_top.vhd Line: 73
Warning (10873): Using initial value X (don't care) for net "Con_80p_DO_s[72..20]" at maxv_top.vhd(73) File: /cours_REDS/CSN/SpinelliIsaia/Labo_7_acqui_pos/acqu_pos/src_cpld/maxv_top.vhd Line: 73
Warning (10873): Using initial value X (don't care) for net "Con_80p_DO_s[2]" at maxv_top.vhd(73) File: /cours_REDS/CSN/SpinelliIsaia/Labo_7_acqui_pos/acqu_pos/src_cpld/maxv_top.vhd Line: 73
Info (12129): Elaborating entity "acqu_pos_top" using architecture "A:struct" for hierarchy "acqu_pos_top:U1" File: /cours_REDS/CSN/SpinelliIsaia/Labo_7_acqui_pos/acqu_pos/src_cpld/maxv_top.vhd Line: 218
Info (12129): Elaborating entity "mss" using architecture "A:struct" for hierarchy "acqu_pos_top:U1|mss:MSS1" File: /cours_REDS/CSN/SpinelliIsaia/Labo_7_acqui_pos/acqu_pos/src/acqu_pos_top.vhd Line: 105
Info (12129): Elaborating entity "compteur_position" using architecture "A:struct" for hierarchy "acqu_pos_top:U1|compteur_position:COMPTEUR_POS" File: /cours_REDS/CSN/SpinelliIsaia/Labo_7_acqui_pos/acqu_pos/src/acqu_pos_top.vhd Line: 115
Info (12129): Elaborating entity "flipflop_rs" using architecture "A:comport" for hierarchy "acqu_pos_top:U1|flipflop_rs:FLIPFLOP_RS_ERR" File: /cours_REDS/CSN/SpinelliIsaia/Labo_7_acqui_pos/acqu_pos/src/acqu_pos_top.vhd Line: 124
Warning (13032): The following tri-state nodes are fed by constants
    Warning (13033): The pin "Con_25p_io[9]" is fed by GND File: /cours_REDS/CSN/SpinelliIsaia/Labo_7_acqui_pos/acqu_pos/src_cpld/maxv_top.vhd Line: 47
    Warning (13033): The pin "Con_80p_io[20]" is fed by GND File: /cours_REDS/CSN/SpinelliIsaia/Labo_7_acqui_pos/acqu_pos/src_cpld/maxv_top.vhd Line: 48
    Warning (13033): The pin "Con_80p_io[21]" is fed by GND File: /cours_REDS/CSN/SpinelliIsaia/Labo_7_acqui_pos/acqu_pos/src_cpld/maxv_top.vhd Line: 48
    Warning (13033): The pin "Con_80p_io[22]" is fed by GND File: /cours_REDS/CSN/SpinelliIsaia/Labo_7_acqui_pos/acqu_pos/src_cpld/maxv_top.vhd Line: 48
    Warning (13033): The pin "Con_80p_io[23]" is fed by GND File: /cours_REDS/CSN/SpinelliIsaia/Labo_7_acqui_pos/acqu_pos/src_cpld/maxv_top.vhd Line: 48
    Warning (13033): The pin "Con_80p_io[24]" is fed by GND File: /cours_REDS/CSN/SpinelliIsaia/Labo_7_acqui_pos/acqu_pos/src_cpld/maxv_top.vhd Line: 48
    Warning (13033): The pin "Con_80p_io[25]" is fed by GND File: /cours_REDS/CSN/SpinelliIsaia/Labo_7_acqui_pos/acqu_pos/src_cpld/maxv_top.vhd Line: 48
    Warning (13033): The pin "Con_80p_io[26]" is fed by GND File: /cours_REDS/CSN/SpinelliIsaia/Labo_7_acqui_pos/acqu_pos/src_cpld/maxv_top.vhd Line: 48
    Warning (13033): The pin "Con_80p_io[27]" is fed by GND File: /cours_REDS/CSN/SpinelliIsaia/Labo_7_acqui_pos/acqu_pos/src_cpld/maxv_top.vhd Line: 48
    Warning (13033): The pin "Con_80p_io[28]" is fed by GND File: /cours_REDS/CSN/SpinelliIsaia/Labo_7_acqui_pos/acqu_pos/src_cpld/maxv_top.vhd Line: 48
    Warning (13033): The pin "Con_80p_io[29]" is fed by GND File: /cours_REDS/CSN/SpinelliIsaia/Labo_7_acqui_pos/acqu_pos/src_cpld/maxv_top.vhd Line: 48
    Warning (13033): The pin "Con_80p_io[30]" is fed by GND File: /cours_REDS/CSN/SpinelliIsaia/Labo_7_acqui_pos/acqu_pos/src_cpld/maxv_top.vhd Line: 48
    Warning (13033): The pin "Con_80p_io[31]" is fed by GND File: /cours_REDS/CSN/SpinelliIsaia/Labo_7_acqui_pos/acqu_pos/src_cpld/maxv_top.vhd Line: 48
    Warning (13033): The pin "Con_80p_io[32]" is fed by GND File: /cours_REDS/CSN/SpinelliIsaia/Labo_7_acqui_pos/acqu_pos/src_cpld/maxv_top.vhd Line: 48
    Warning (13033): The pin "Con_80p_io[33]" is fed by GND File: /cours_REDS/CSN/SpinelliIsaia/Labo_7_acqui_pos/acqu_pos/src_cpld/maxv_top.vhd Line: 48
    Warning (13033): The pin "Con_80p_io[34]" is fed by GND File: /cours_REDS/CSN/SpinelliIsaia/Labo_7_acqui_pos/acqu_pos/src_cpld/maxv_top.vhd Line: 48
    Warning (13033): The pin "Con_80p_io[35]" is fed by GND File: /cours_REDS/CSN/SpinelliIsaia/Labo_7_acqui_pos/acqu_pos/src_cpld/maxv_top.vhd Line: 48
    Warning (13033): The pin "Con_80p_io[36]" is fed by GND File: /cours_REDS/CSN/SpinelliIsaia/Labo_7_acqui_pos/acqu_pos/src_cpld/maxv_top.vhd Line: 48
    Warning (13033): The pin "Con_80p_io[37]" is fed by GND File: /cours_REDS/CSN/SpinelliIsaia/Labo_7_acqui_pos/acqu_pos/src_cpld/maxv_top.vhd Line: 48
    Warning (13033): The pin "Con_80p_io[38]" is fed by GND File: /cours_REDS/CSN/SpinelliIsaia/Labo_7_acqui_pos/acqu_pos/src_cpld/maxv_top.vhd Line: 48
    Warning (13033): The pin "Con_80p_io[56]" is fed by GND File: /cours_REDS/CSN/SpinelliIsaia/Labo_7_acqui_pos/acqu_pos/src_cpld/maxv_top.vhd Line: 48
    Warning (13033): The pin "Con_80p_io[57]" is fed by GND File: /cours_REDS/CSN/SpinelliIsaia/Labo_7_acqui_pos/acqu_pos/src_cpld/maxv_top.vhd Line: 48
    Warning (13033): The pin "Con_80p_io[58]" is fed by GND File: /cours_REDS/CSN/SpinelliIsaia/Labo_7_acqui_pos/acqu_pos/src_cpld/maxv_top.vhd Line: 48
    Warning (13033): The pin "Con_80p_io[71]" is fed by GND File: /cours_REDS/CSN/SpinelliIsaia/Labo_7_acqui_pos/acqu_pos/src_cpld/maxv_top.vhd Line: 48
    Warning (13033): The pin "Con_80p_io[72]" is fed by GND File: /cours_REDS/CSN/SpinelliIsaia/Labo_7_acqui_pos/acqu_pos/src_cpld/maxv_top.vhd Line: 48
    Warning (13033): The pin "Mezzanine_io[10]" is fed by GND File: /cours_REDS/CSN/SpinelliIsaia/Labo_7_acqui_pos/acqu_pos/src_cpld/maxv_top.vhd Line: 49
    Warning (13033): The pin "Mezzanine_io[11]" is fed by GND File: /cours_REDS/CSN/SpinelliIsaia/Labo_7_acqui_pos/acqu_pos/src_cpld/maxv_top.vhd Line: 49
    Warning (13033): The pin "Mezzanine_io[12]" is fed by GND File: /cours_REDS/CSN/SpinelliIsaia/Labo_7_acqui_pos/acqu_pos/src_cpld/maxv_top.vhd Line: 49
    Warning (13033): The pin "Mezzanine_io[13]" is fed by GND File: /cours_REDS/CSN/SpinelliIsaia/Labo_7_acqui_pos/acqu_pos/src_cpld/maxv_top.vhd Line: 49
    Warning (13033): The pin "Mezzanine_io[14]" is fed by GND File: /cours_REDS/CSN/SpinelliIsaia/Labo_7_acqui_pos/acqu_pos/src_cpld/maxv_top.vhd Line: 49
    Warning (13033): The pin "Mezzanine_io[15]" is fed by GND File: /cours_REDS/CSN/SpinelliIsaia/Labo_7_acqui_pos/acqu_pos/src_cpld/maxv_top.vhd Line: 49
    Warning (13033): The pin "Mezzanine_io[16]" is fed by GND File: /cours_REDS/CSN/SpinelliIsaia/Labo_7_acqui_pos/acqu_pos/src_cpld/maxv_top.vhd Line: 49
    Warning (13033): The pin "Mezzanine_io[17]" is fed by GND File: /cours_REDS/CSN/SpinelliIsaia/Labo_7_acqui_pos/acqu_pos/src_cpld/maxv_top.vhd Line: 49
    Warning (13033): The pin "Mezzanine_io[18]" is fed by GND File: /cours_REDS/CSN/SpinelliIsaia/Labo_7_acqui_pos/acqu_pos/src_cpld/maxv_top.vhd Line: 49
    Warning (13033): The pin "Mezzanine_io[19]" is fed by GND File: /cours_REDS/CSN/SpinelliIsaia/Labo_7_acqui_pos/acqu_pos/src_cpld/maxv_top.vhd Line: 49
Warning (13009): TRI or OPNDRN buffers permanently enabled
    Warning (13010): Node "Con_80p_io[3]~synth" File: /cours_REDS/CSN/SpinelliIsaia/Labo_7_acqui_pos/acqu_pos/src_cpld/maxv_top.vhd Line: 48
    Warning (13010): Node "Con_80p_io[4]~synth" File: /cours_REDS/CSN/SpinelliIsaia/Labo_7_acqui_pos/acqu_pos/src_cpld/maxv_top.vhd Line: 48
    Warning (13010): Node "Con_80p_io[5]~synth" File: /cours_REDS/CSN/SpinelliIsaia/Labo_7_acqui_pos/acqu_pos/src_cpld/maxv_top.vhd Line: 48
    Warning (13010): Node "Con_80p_io[6]~synth" File: /cours_REDS/CSN/SpinelliIsaia/Labo_7_acqui_pos/acqu_pos/src_cpld/maxv_top.vhd Line: 48
    Warning (13010): Node "Con_80p_io[7]~synth" File: /cours_REDS/CSN/SpinelliIsaia/Labo_7_acqui_pos/acqu_pos/src_cpld/maxv_top.vhd Line: 48
    Warning (13010): Node "Con_80p_io[8]~synth" File: /cours_REDS/CSN/SpinelliIsaia/Labo_7_acqui_pos/acqu_pos/src_cpld/maxv_top.vhd Line: 48
    Warning (13010): Node "Con_80p_io[9]~synth" File: /cours_REDS/CSN/SpinelliIsaia/Labo_7_acqui_pos/acqu_pos/src_cpld/maxv_top.vhd Line: 48
    Warning (13010): Node "Con_80p_io[10]~synth" File: /cours_REDS/CSN/SpinelliIsaia/Labo_7_acqui_pos/acqu_pos/src_cpld/maxv_top.vhd Line: 48
    Warning (13010): Node "Con_80p_io[11]~synth" File: /cours_REDS/CSN/SpinelliIsaia/Labo_7_acqui_pos/acqu_pos/src_cpld/maxv_top.vhd Line: 48
    Warning (13010): Node "Con_80p_io[12]~synth" File: /cours_REDS/CSN/SpinelliIsaia/Labo_7_acqui_pos/acqu_pos/src_cpld/maxv_top.vhd Line: 48
    Warning (13010): Node "Con_80p_io[13]~synth" File: /cours_REDS/CSN/SpinelliIsaia/Labo_7_acqui_pos/acqu_pos/src_cpld/maxv_top.vhd Line: 48
    Warning (13010): Node "Con_80p_io[14]~synth" File: /cours_REDS/CSN/SpinelliIsaia/Labo_7_acqui_pos/acqu_pos/src_cpld/maxv_top.vhd Line: 48
    Warning (13010): Node "Con_80p_io[15]~synth" File: /cours_REDS/CSN/SpinelliIsaia/Labo_7_acqui_pos/acqu_pos/src_cpld/maxv_top.vhd Line: 48
    Warning (13010): Node "Con_80p_io[16]~synth" File: /cours_REDS/CSN/SpinelliIsaia/Labo_7_acqui_pos/acqu_pos/src_cpld/maxv_top.vhd Line: 48
    Warning (13010): Node "Con_80p_io[17]~synth" File: /cours_REDS/CSN/SpinelliIsaia/Labo_7_acqui_pos/acqu_pos/src_cpld/maxv_top.vhd Line: 48
    Warning (13010): Node "Con_80p_io[18]~synth" File: /cours_REDS/CSN/SpinelliIsaia/Labo_7_acqui_pos/acqu_pos/src_cpld/maxv_top.vhd Line: 48
    Warning (13010): Node "Con_80p_io[19]~synth" File: /cours_REDS/CSN/SpinelliIsaia/Labo_7_acqui_pos/acqu_pos/src_cpld/maxv_top.vhd Line: 48
    Warning (13010): Node "Con_80p_io[79]~synth" File: /cours_REDS/CSN/SpinelliIsaia/Labo_7_acqui_pos/acqu_pos/src_cpld/maxv_top.vhd Line: 48
    Warning (13010): Node "Mezzanine_io[20]~synth" File: /cours_REDS/CSN/SpinelliIsaia/Labo_7_acqui_pos/acqu_pos/src_cpld/maxv_top.vhd Line: 49
Warning (13024): Output pins are stuck at VCC or GND
    Warning (13410): Pin "nLed_o[3]" is stuck at VCC File: /cours_REDS/CSN/SpinelliIsaia/Labo_7_acqui_pos/acqu_pos/src_cpld/maxv_top.vhd Line: 57
    Warning (13410): Pin "nLed_o[4]" is stuck at VCC File: /cours_REDS/CSN/SpinelliIsaia/Labo_7_acqui_pos/acqu_pos/src_cpld/maxv_top.vhd Line: 57
    Warning (13410): Pin "nLed_o[5]" is stuck at VCC File: /cours_REDS/CSN/SpinelliIsaia/Labo_7_acqui_pos/acqu_pos/src_cpld/maxv_top.vhd Line: 57
    Warning (13410): Pin "nLed_o[6]" is stuck at VCC File: /cours_REDS/CSN/SpinelliIsaia/Labo_7_acqui_pos/acqu_pos/src_cpld/maxv_top.vhd Line: 57
    Warning (13410): Pin "Led_RGB_o[0]" is stuck at GND File: /cours_REDS/CSN/SpinelliIsaia/Labo_7_acqui_pos/acqu_pos/src_cpld/maxv_top.vhd Line: 58
    Warning (13410): Pin "Led_RGB_o[1]" is stuck at GND File: /cours_REDS/CSN/SpinelliIsaia/Labo_7_acqui_pos/acqu_pos/src_cpld/maxv_top.vhd Line: 58
    Warning (13410): Pin "Led_RGB_o[2]" is stuck at GND File: /cours_REDS/CSN/SpinelliIsaia/Labo_7_acqui_pos/acqu_pos/src_cpld/maxv_top.vhd Line: 58
    Warning (13410): Pin "nSeven_Seg_o[0]" is stuck at VCC File: /cours_REDS/CSN/SpinelliIsaia/Labo_7_acqui_pos/acqu_pos/src_cpld/maxv_top.vhd Line: 59
    Warning (13410): Pin "nSeven_Seg_o[1]" is stuck at VCC File: /cours_REDS/CSN/SpinelliIsaia/Labo_7_acqui_pos/acqu_pos/src_cpld/maxv_top.vhd Line: 59
    Warning (13410): Pin "nSeven_Seg_o[2]" is stuck at VCC File: /cours_REDS/CSN/SpinelliIsaia/Labo_7_acqui_pos/acqu_pos/src_cpld/maxv_top.vhd Line: 59
    Warning (13410): Pin "nSeven_Seg_o[3]" is stuck at VCC File: /cours_REDS/CSN/SpinelliIsaia/Labo_7_acqui_pos/acqu_pos/src_cpld/maxv_top.vhd Line: 59
    Warning (13410): Pin "nSeven_Seg_o[4]" is stuck at VCC File: /cours_REDS/CSN/SpinelliIsaia/Labo_7_acqui_pos/acqu_pos/src_cpld/maxv_top.vhd Line: 59
    Warning (13410): Pin "nSeven_Seg_o[5]" is stuck at VCC File: /cours_REDS/CSN/SpinelliIsaia/Labo_7_acqui_pos/acqu_pos/src_cpld/maxv_top.vhd Line: 59
    Warning (13410): Pin "nSeven_Seg_o[6]" is stuck at VCC File: /cours_REDS/CSN/SpinelliIsaia/Labo_7_acqui_pos/acqu_pos/src_cpld/maxv_top.vhd Line: 59
Warning (14632): Output pin "nLed_o[0]" driven by bidirectional pin "Con_80p_io[2]" cannot be tri-stated File: /cours_REDS/CSN/SpinelliIsaia/Labo_7_acqui_pos/acqu_pos/src_cpld/maxv_top.vhd Line: 57
Warning (21074): Design contains 17 input pin(s) that do not drive logic
    Warning (15610): No output dependent on input pin "Clk_Gen_i" File: /cours_REDS/CSN/SpinelliIsaia/Labo_7_acqui_pos/acqu_pos/src_cpld/maxv_top.vhd Line: 43
    Warning (15610): No output dependent on input pin "Encoder_A_i" File: /cours_REDS/CSN/SpinelliIsaia/Labo_7_acqui_pos/acqu_pos/src_cpld/maxv_top.vhd Line: 51
    Warning (15610): No output dependent on input pin "Encoder_B_i" File: /cours_REDS/CSN/SpinelliIsaia/Labo_7_acqui_pos/acqu_pos/src_cpld/maxv_top.vhd Line: 52
    Warning (15610): No output dependent on input pin "nButton_i[1]" File: /cours_REDS/CSN/SpinelliIsaia/Labo_7_acqui_pos/acqu_pos/src_cpld/maxv_top.vhd Line: 53
    Warning (15610): No output dependent on input pin "nButton_i[2]" File: /cours_REDS/CSN/SpinelliIsaia/Labo_7_acqui_pos/acqu_pos/src_cpld/maxv_top.vhd Line: 53
    Warning (15610): No output dependent on input pin "nButton_i[3]" File: /cours_REDS/CSN/SpinelliIsaia/Labo_7_acqui_pos/acqu_pos/src_cpld/maxv_top.vhd Line: 53
    Warning (15610): No output dependent on input pin "nButton_i[4]" File: /cours_REDS/CSN/SpinelliIsaia/Labo_7_acqui_pos/acqu_pos/src_cpld/maxv_top.vhd Line: 53
    Warning (15610): No output dependent on input pin "nButton_i[5]" File: /cours_REDS/CSN/SpinelliIsaia/Labo_7_acqui_pos/acqu_pos/src_cpld/maxv_top.vhd Line: 53
    Warning (15610): No output dependent on input pin "nButton_i[6]" File: /cours_REDS/CSN/SpinelliIsaia/Labo_7_acqui_pos/acqu_pos/src_cpld/maxv_top.vhd Line: 53
    Warning (15610): No output dependent on input pin "nButton_i[7]" File: /cours_REDS/CSN/SpinelliIsaia/Labo_7_acqui_pos/acqu_pos/src_cpld/maxv_top.vhd Line: 53
    Warning (15610): No output dependent on input pin "Switch_i[0]" File: /cours_REDS/CSN/SpinelliIsaia/Labo_7_acqui_pos/acqu_pos/src_cpld/maxv_top.vhd Line: 55
    Warning (15610): No output dependent on input pin "Switch_i[1]" File: /cours_REDS/CSN/SpinelliIsaia/Labo_7_acqui_pos/acqu_pos/src_cpld/maxv_top.vhd Line: 55
    Warning (15610): No output dependent on input pin "Switch_i[3]" File: /cours_REDS/CSN/SpinelliIsaia/Labo_7_acqui_pos/acqu_pos/src_cpld/maxv_top.vhd Line: 55
    Warning (15610): No output dependent on input pin "Switch_i[4]" File: /cours_REDS/CSN/SpinelliIsaia/Labo_7_acqui_pos/acqu_pos/src_cpld/maxv_top.vhd Line: 55
    Warning (15610): No output dependent on input pin "Switch_i[5]" File: /cours_REDS/CSN/SpinelliIsaia/Labo_7_acqui_pos/acqu_pos/src_cpld/maxv_top.vhd Line: 55
    Warning (15610): No output dependent on input pin "Switch_i[6]" File: /cours_REDS/CSN/SpinelliIsaia/Labo_7_acqui_pos/acqu_pos/src_cpld/maxv_top.vhd Line: 55
    Warning (15610): No output dependent on input pin "Switch_i[7]" File: /cours_REDS/CSN/SpinelliIsaia/Labo_7_acqui_pos/acqu_pos/src_cpld/maxv_top.vhd Line: 55
Info (21057): Implemented 274 device resources after synthesis - the final resource count might be different
    Info (21058): Implemented 21 input pins
    Info (21059): Implemented 19 output pins
    Info (21060): Implemented 119 bidirectional pins
    Info (21061): Implemented 115 logic cells
Info: Quartus Prime Analysis & Synthesis was successful. 0 errors, 101 warnings
    Info: Peak virtual memory: 943 megabytes
    Info: Processing ended: Thu Dec 12 17:45:57 2019
    Info: Elapsed time: 00:00:08
    Info: Total CPU time (on all processors): 00:00:23


