Flow report for add4_1
Thu Oct 17 17:06:32 2019
Quartus Prime Version 17.0.0 Build 595 04/25/2017 SJ Standard Edition


---------------------
; Table of Contents ;
---------------------
  1. Legal Notice
  2. Flow Summary
  3. Flow Settings
  4. Flow Non-Default Global Settings
  5. Flow Elapsed Time
  6. Flow OS Summary
  7. Flow Log
  8. Flow Messages
  9. Flow Suppressed Messages



----------------
; Legal Notice ;
----------------
Copyright (C) 2017  Intel Corporation. All rights reserved.
Your use of Intel Corporation's design tools, logic functions 
and other software and tools, and its AMPP partner logic 
functions, and any output files from any of the foregoing 
(including device programming or simulation files), and any 
associated documentation or information are expressly subject 
to the terms and conditions of the Intel Program License 
Subscription Agreement, the Intel Quartus Prime License Agreement,
the Intel MegaCore Function License Agreement, or other 
applicable license agreement, including, without limitation, 
that your use is for the sole purpose of programming logic 
devices manufactured by Intel and sold by Intel or its 
authorized distributors.  Please refer to the applicable 
agreement for further details.



+--------------------------------------------------------------------------------------+
; Flow Summary                                                                         ;
+------------------------------------+-------------------------------------------------+
; Flow Status                        ; Successful - Thu Oct 17 17:06:32 2019           ;
; Quartus Prime Version              ; 17.0.0 Build 595 04/25/2017 SJ Standard Edition ;
; Revision Name                      ; add4_1                                          ;
; Top-level Entity Name              ; add4                                            ;
; Family                             ; MAX 10                                          ;
; Device                             ; 10M08DAF484C8G                                  ;
; Timing Models                      ; Final                                           ;
; Total logic elements               ; 7 / 8,064 ( < 1 % )                             ;
;     Total combinational functions  ; 7 / 8,064 ( < 1 % )                             ;
;     Dedicated logic registers      ; 0 / 8,064 ( 0 % )                               ;
; Total registers                    ; 0                                               ;
; Total pins                         ; 15 / 250 ( 6 % )                                ;
; Total virtual pins                 ; 0                                               ;
; Total memory bits                  ; 0 / 387,072 ( 0 % )                             ;
; Embedded Multiplier 9-bit elements ; 0 / 48 ( 0 % )                                  ;
; Total PLLs                         ; 0 / 2 ( 0 % )                                   ;
; UFM blocks                         ; 0 / 1 ( 0 % )                                   ;
; ADC blocks                         ; 0 / 1 ( 0 % )                                   ;
+------------------------------------+-------------------------------------------------+


+-----------------------------------------+
; Flow Settings                           ;
+-------------------+---------------------+
; Option            ; Setting             ;
+-------------------+---------------------+
; Start date & time ; 10/17/2019 17:06:15 ;
; Main task         ; Compilation         ;
; Revision Name     ; add4_1              ;
+-------------------+---------------------+


+-----------------------------------------------------------------------------------------------------------------------------+
; Flow Non-Default Global Settings                                                                                            ;
+-------------------------------------+----------------------------------------+---------------+-------------+----------------+
; Assignment Name                     ; Value                                  ; Default Value ; Entity Name ; Section Id     ;
+-------------------------------------+----------------------------------------+---------------+-------------+----------------+
; COMPILER_SIGNATURE_ID               ; 11599297950.157132477506927            ; --            ; --          ; --             ;
; EDA_OUTPUT_DATA_FORMAT              ; Vhdl                                   ; --            ; --          ; eda_simulation ;
; EDA_SIMULATION_TOOL                 ; QuestaSim (VHDL)                       ; <None>        ; --          ; --             ;
; EDA_TIME_SCALE                      ; 1 ps                                   ; --            ; --          ; eda_simulation ;
; MAX_CORE_JUNCTION_TEMP              ; 85                                     ; --            ; --          ; --             ;
; MIN_CORE_JUNCTION_TEMP              ; 0                                      ; --            ; --          ; --             ;
; PARTITION_COLOR                     ; -- (Not supported for targeted family) ; --            ; add4        ; Top            ;
; PARTITION_FITTER_PRESERVATION_LEVEL ; -- (Not supported for targeted family) ; --            ; add4        ; Top            ;
; PARTITION_NETLIST_TYPE              ; -- (Not supported for targeted family) ; --            ; add4        ; Top            ;
; PROJECT_OUTPUT_DIRECTORY            ; output_files                           ; --            ; --          ; --             ;
; TOP_LEVEL_ENTITY                    ; add4                                   ; add4_1        ; --          ; --             ;
+-------------------------------------+----------------------------------------+---------------+-------------+----------------+


+-------------------------------------------------------------------------------------------------------------------------------+
; Flow Elapsed Time                                                                                                             ;
+---------------------------+--------------+-------------------------+---------------------+------------------------------------+
; Module Name               ; Elapsed Time ; Average Processors Used ; Peak Virtual Memory ; Total CPU Time (on all processors) ;
+---------------------------+--------------+-------------------------+---------------------+------------------------------------+
; Analysis & Synthesis      ; 00:00:09     ; 1.0                     ; 961 MB              ; 00:00:24                           ;
; Fitter                    ; 00:00:02     ; 1.0                     ; 1282 MB             ; 00:00:03                           ;
; Assembler                 ; 00:00:01     ; 1.0                     ; 819 MB              ; 00:00:01                           ;
; TimeQuest Timing Analyzer ; 00:00:02     ; 1.0                     ; 851 MB              ; 00:00:01                           ;
; EDA Netlist Writer        ; 00:00:01     ; 1.0                     ; 1056 MB             ; 00:00:00                           ;
; Total                     ; 00:00:15     ; --                      ; --                  ; 00:00:29                           ;
+---------------------------+--------------+-------------------------+---------------------+------------------------------------+


+---------------------------------------------------------------------------------------------+
; Flow OS Summary                                                                             ;
+---------------------------+------------------+----------------+------------+----------------+
; Module Name               ; Machine Hostname ; OS Name        ; OS Version ; Processor type ;
+---------------------------+------------------+----------------+------------+----------------+
; Analysis & Synthesis      ; a09pc09          ; Ubuntu 14.04.5 ; 14         ; x86_64         ;
; Fitter                    ; a09pc09          ; Ubuntu 14.04.5 ; 14         ; x86_64         ;
; Assembler                 ; a09pc09          ; Ubuntu 14.04.5 ; 14         ; x86_64         ;
; TimeQuest Timing Analyzer ; a09pc09          ; Ubuntu 14.04.5 ; 14         ; x86_64         ;
; EDA Netlist Writer        ; a09pc09          ; Ubuntu 14.04.5 ; 14         ; x86_64         ;
+---------------------------+------------------+----------------+------------+----------------+


------------
; Flow Log ;
------------
quartus_map --read_settings_files=on --write_settings_files=off add4_1 -c add4_1
quartus_fit --read_settings_files=off --write_settings_files=off add4_1 -c add4_1
quartus_asm --read_settings_files=off --write_settings_files=off add4_1 -c add4_1
quartus_sta add4_1 -c add4_1
quartus_eda --read_settings_files=off --write_settings_files=off add4_1 -c add4_1



